{"/Users/corey/Dev/personal/verdaccio/docker-examples/docker-plugin-external/plugins/verdaccio-dynamodb/src/DynamoClient.ts": {"path":"/Users/corey/Dev/personal/verdaccio/docker-examples/docker-plugin-external/plugins/verdaccio-dynamodb/src/DynamoClient.ts","statementMap":{"0":{"start":{"line":6,"column":21},"end":{"line":6,"column":38}},"1":{"start":{"line":7,"column":27},"end":{"line":7,"column":43}},"2":{"start":{"line":12,"column":4},"end":{"line":12,"column":49}},"3":{"start":{"line":14,"column":4},"end":{"line":16,"column":5}},"4":{"start":{"line":15,"column":6},"end":{"line":15,"column":61}},"5":{"start":{"line":18,"column":4},"end":{"line":20,"column":5}},"6":{"start":{"line":19,"column":6},"end":{"line":19,"column":69}},"7":{"start":{"line":22,"column":4},"end":{"line":22,"column":38}},"8":{"start":{"line":23,"column":4},"end":{"line":23,"column":39}},"9":{"start":{"line":27,"column":4},"end":{"line":29,"column":7}},"10":{"start":{"line":28,"column":6},"end":{"line":28,"column":38}},"11":{"start":{"line":33,"column":24},"end":{"line":33,"column":48}},"12":{"start":{"line":35,"column":4},"end":{"line":37,"column":5}},"13":{"start":{"line":36,"column":6},"end":{"line":36,"column":45}},"14":{"start":{"line":39,"column":19},"end":{"line":47,"column":5}},"15":{"start":{"line":49,"column":4},"end":{"line":51,"column":7}},"16":{"start":{"line":50,"column":6},"end":{"line":50,"column":47}},"17":{"start":{"line":55,"column":23},"end":{"line":55,"column":25}},"18":{"start":{"line":57,"column":48},"end":{"line":65,"column":5}},"19":{"start":{"line":61,"column":47},"end":{"line":61,"column":57}},"20":{"start":{"line":67,"column":4},"end":{"line":69,"column":7}},"21":{"start":{"line":68,"column":6},"end":{"line":68,"column":57}},"22":{"start":{"line":73,"column":19},"end":{"line":77,"column":5}},"23":{"start":{"line":79,"column":4},"end":{"line":103,"column":7}},"24":{"start":{"line":80,"column":6},"end":{"line":82,"column":7}},"25":{"start":{"line":81,"column":8},"end":{"line":81,"column":52}},"26":{"start":{"line":84,"column":6},"end":{"line":86,"column":7}},"27":{"start":{"line":85,"column":8},"end":{"line":85,"column":52}},"28":{"start":{"line":88,"column":6},"end":{"line":90,"column":7}},"29":{"start":{"line":89,"column":8},"end":{"line":89,"column":52}},"30":{"start":{"line":92,"column":6},"end":{"line":94,"column":7}},"31":{"start":{"line":93,"column":8},"end":{"line":93,"column":36}},"32":{"start":{"line":96,"column":33},"end":{"line":100,"column":7}},"33":{"start":{"line":99,"column":52},"end":{"line":99,"column":60}},"34":{"start":{"line":102,"column":6},"end":{"line":102,"column":22}}},"fnMap":{"0":{"name":"(anonymous_0)","decl":{"start":{"line":11,"column":2},"end":{"line":11,"column":3}},"loc":{"start":{"line":11,"column":38},"end":{"line":24,"column":3}},"line":11},"1":{"name":"(anonymous_1)","decl":{"start":{"line":26,"column":2},"end":{"line":26,"column":3}},"loc":{"start":{"line":26,"column":47},"end":{"line":30,"column":3}},"line":26},"2":{"name":"(anonymous_2)","decl":{"start":{"line":27,"column":83},"end":{"line":27,"column":84}},"loc":{"start":{"line":27,"column":91},"end":{"line":29,"column":5}},"line":27},"3":{"name":"(anonymous_3)","decl":{"start":{"line":32,"column":2},"end":{"line":32,"column":3}},"loc":{"start":{"line":32,"column":66},"end":{"line":52,"column":3}},"line":32},"4":{"name":"(anonymous_4)","decl":{"start":{"line":49,"column":60},"end":{"line":49,"column":61}},"loc":{"start":{"line":49,"column":68},"end":{"line":51,"column":5}},"line":49},"5":{"name":"(anonymous_5)","decl":{"start":{"line":54,"column":2},"end":{"line":54,"column":3}},"loc":{"start":{"line":54,"column":57},"end":{"line":70,"column":3}},"line":54},"6":{"name":"(anonymous_6)","decl":{"start":{"line":61,"column":37},"end":{"line":61,"column":38}},"loc":{"start":{"line":61,"column":47},"end":{"line":61,"column":57}},"line":61},"7":{"name":"(anonymous_7)","decl":{"start":{"line":67,"column":58},"end":{"line":67,"column":59}},"loc":{"start":{"line":67,"column":66},"end":{"line":69,"column":5}},"line":67},"8":{"name":"(anonymous_8)","decl":{"start":{"line":72,"column":2},"end":{"line":72,"column":3}},"loc":{"start":{"line":72,"column":54},"end":{"line":104,"column":3}},"line":72},"9":{"name":"(anonymous_9)","decl":{"start":{"line":79,"column":54},"end":{"line":79,"column":55}},"loc":{"start":{"line":79,"column":62},"end":{"line":103,"column":5}},"line":79},"10":{"name":"(anonymous_10)","decl":{"start":{"line":99,"column":43},"end":{"line":99,"column":44}},"loc":{"start":{"line":99,"column":52},"end":{"line":99,"column":60}},"line":99}},"branchMap":{"0":{"loc":{"start":{"line":14,"column":4},"end":{"line":16,"column":5}},"type":"if","locations":[{"start":{"line":14,"column":4},"end":{"line":16,"column":5}},{"start":{"line":14,"column":4},"end":{"line":16,"column":5}}],"line":14},"1":{"loc":{"start":{"line":18,"column":4},"end":{"line":20,"column":5}},"type":"if","locations":[{"start":{"line":18,"column":4},"end":{"line":20,"column":5}},{"start":{"line":18,"column":4},"end":{"line":20,"column":5}}],"line":18},"2":{"loc":{"start":{"line":35,"column":4},"end":{"line":37,"column":5}},"type":"if","locations":[{"start":{"line":35,"column":4},"end":{"line":37,"column":5}},{"start":{"line":35,"column":4},"end":{"line":37,"column":5}}],"line":35},"3":{"loc":{"start":{"line":80,"column":6},"end":{"line":82,"column":7}},"type":"if","locations":[{"start":{"line":80,"column":6},"end":{"line":82,"column":7}},{"start":{"line":80,"column":6},"end":{"line":82,"column":7}}],"line":80},"4":{"loc":{"start":{"line":84,"column":6},"end":{"line":86,"column":7}},"type":"if","locations":[{"start":{"line":84,"column":6},"end":{"line":86,"column":7}},{"start":{"line":84,"column":6},"end":{"line":86,"column":7}}],"line":84},"5":{"loc":{"start":{"line":88,"column":6},"end":{"line":90,"column":7}},"type":"if","locations":[{"start":{"line":88,"column":6},"end":{"line":90,"column":7}},{"start":{"line":88,"column":6},"end":{"line":90,"column":7}}],"line":88},"6":{"loc":{"start":{"line":92,"column":6},"end":{"line":94,"column":7}},"type":"if","locations":[{"start":{"line":92,"column":6},"end":{"line":94,"column":7}},{"start":{"line":92,"column":6},"end":{"line":94,"column":7}}],"line":92}},"s":{"0":1,"1":1,"2":1,"3":1,"4":0,"5":1,"6":0,"7":1,"8":1,"9":2,"10":2,"11":1,"12":1,"13":1,"14":0,"15":0,"16":0,"17":1,"18":1,"19":1,"20":1,"21":1,"22":2,"23":2,"24":2,"25":1,"26":1,"27":0,"28":1,"29":0,"30":1,"31":0,"32":1,"33":1,"34":1},"f":{"0":1,"1":2,"2":2,"3":1,"4":0,"5":1,"6":1,"7":1,"8":2,"9":2,"10":1},"b":{"0":[0,1],"1":[0,1],"2":[1,0],"3":[1,1],"4":[0,1],"5":[0,1],"6":[0,1]},"_coverageSchema":"43e27e138ebf9cfc5966b082cf9a028302ed4184","hash":"7aba30f31e2377d578f2aab0728919229d4e35bc"}
}
