{"/Users/corey/Dev/personal/verdaccio/verdaccio-dynamodb/src/DynamoClient.ts": {"path":"/Users/corey/Dev/personal/verdaccio/verdaccio-dynamodb/src/DynamoClient.ts","statementMap":{"0":{"start":{"line":6,"column":21},"end":{"line":6,"column":38}},"1":{"start":{"line":7,"column":27},"end":{"line":7,"column":43}},"2":{"start":{"line":12,"column":67},"end":{"line":12,"column":73}},"3":{"start":{"line":13,"column":4},"end":{"line":13,"column":38}},"4":{"start":{"line":15,"column":4},"end":{"line":20,"column":7}},"5":{"start":{"line":24,"column":4},"end":{"line":29,"column":9}},"6":{"start":{"line":28,"column":8},"end":{"line":28,"column":40}},"7":{"start":{"line":33,"column":24},"end":{"line":33,"column":48}},"8":{"start":{"line":34,"column":4},"end":{"line":36,"column":5}},"9":{"start":{"line":35,"column":6},"end":{"line":35,"column":45}},"10":{"start":{"line":38,"column":19},"end":{"line":46,"column":5}},"11":{"start":{"line":48,"column":4},"end":{"line":53,"column":9}},"12":{"start":{"line":52,"column":8},"end":{"line":52,"column":49}},"13":{"start":{"line":57,"column":23},"end":{"line":57,"column":25}},"14":{"start":{"line":59,"column":48},"end":{"line":67,"column":5}},"15":{"start":{"line":63,"column":49},"end":{"line":63,"column":61}},"16":{"start":{"line":69,"column":4},"end":{"line":74,"column":9}},"17":{"start":{"line":73,"column":8},"end":{"line":73,"column":59}},"18":{"start":{"line":78,"column":19},"end":{"line":82,"column":5}},"19":{"start":{"line":84,"column":4},"end":{"line":99,"column":9}},"20":{"start":{"line":88,"column":8},"end":{"line":90,"column":9}},"21":{"start":{"line":89,"column":10},"end":{"line":89,"column":54}},"22":{"start":{"line":92,"column":35},"end":{"line":96,"column":9}},"23":{"start":{"line":95,"column":57},"end":{"line":95,"column":65}},"24":{"start":{"line":98,"column":8},"end":{"line":98,"column":24}}},"fnMap":{"0":{"name":"(anonymous_0)","decl":{"start":{"line":11,"column":2},"end":{"line":11,"column":3}},"loc":{"start":{"line":11,"column":38},"end":{"line":21,"column":3}},"line":11},"1":{"name":"(anonymous_1)","decl":{"start":{"line":23,"column":2},"end":{"line":23,"column":3}},"loc":{"start":{"line":23,"column":47},"end":{"line":30,"column":3}},"line":23},"2":{"name":"(anonymous_2)","decl":{"start":{"line":27,"column":12},"end":{"line":27,"column":13}},"loc":{"start":{"line":27,"column":22},"end":{"line":29,"column":7}},"line":27},"3":{"name":"(anonymous_3)","decl":{"start":{"line":32,"column":2},"end":{"line":32,"column":3}},"loc":{"start":{"line":32,"column":66},"end":{"line":54,"column":3}},"line":32},"4":{"name":"(anonymous_4)","decl":{"start":{"line":51,"column":12},"end":{"line":51,"column":13}},"loc":{"start":{"line":51,"column":22},"end":{"line":53,"column":7}},"line":51},"5":{"name":"(anonymous_5)","decl":{"start":{"line":56,"column":2},"end":{"line":56,"column":3}},"loc":{"start":{"line":56,"column":57},"end":{"line":75,"column":3}},"line":56},"6":{"name":"(anonymous_6)","decl":{"start":{"line":63,"column":37},"end":{"line":63,"column":38}},"loc":{"start":{"line":63,"column":49},"end":{"line":63,"column":61}},"line":63},"7":{"name":"(anonymous_7)","decl":{"start":{"line":72,"column":12},"end":{"line":72,"column":13}},"loc":{"start":{"line":72,"column":22},"end":{"line":74,"column":7}},"line":72},"8":{"name":"(anonymous_8)","decl":{"start":{"line":77,"column":2},"end":{"line":77,"column":3}},"loc":{"start":{"line":77,"column":54},"end":{"line":100,"column":3}},"line":77},"9":{"name":"(anonymous_9)","decl":{"start":{"line":87,"column":12},"end":{"line":87,"column":13}},"loc":{"start":{"line":87,"column":22},"end":{"line":99,"column":7}},"line":87},"10":{"name":"(anonymous_10)","decl":{"start":{"line":95,"column":46},"end":{"line":95,"column":47}},"loc":{"start":{"line":95,"column":57},"end":{"line":95,"column":65}},"line":95}},"branchMap":{"0":{"loc":{"start":{"line":34,"column":4},"end":{"line":36,"column":5}},"type":"if","locations":[{"start":{"line":34,"column":4},"end":{"line":36,"column":5}},{"start":{"line":34,"column":4},"end":{"line":36,"column":5}}],"line":34},"1":{"loc":{"start":{"line":88,"column":8},"end":{"line":90,"column":9}},"type":"if","locations":[{"start":{"line":88,"column":8},"end":{"line":90,"column":9}},{"start":{"line":88,"column":8},"end":{"line":90,"column":9}}],"line":88}},"s":{"0":1,"1":1,"2":1,"3":1,"4":1,"5":3,"6":3,"7":2,"8":2,"9":1,"10":1,"11":1,"12":1,"13":1,"14":1,"15":1,"16":1,"17":1,"18":3,"19":3,"20":3,"21":1,"22":2,"23":1,"24":2},"f":{"0":1,"1":3,"2":3,"3":2,"4":1,"5":1,"6":1,"7":1,"8":3,"9":3,"10":1},"b":{"0":[1,1],"1":[1,2]},"_coverageSchema":"43e27e138ebf9cfc5966b082cf9a028302ed4184","hash":"7bb004c9a39fda667517a256d751d9b9ad971d33"}
,"/Users/corey/Dev/personal/verdaccio/verdaccio-dynamodb/src/DynamoDBAuth.ts": {"path":"/Users/corey/Dev/personal/verdaccio/verdaccio-dynamodb/src/DynamoDBAuth.ts","statementMap":{"0":{"start":{"line":27,"column":4},"end":{"line":27,"column":33}},"1":{"start":{"line":29,"column":21},"end":{"line":32,"column":5}},"2":{"start":{"line":34,"column":4},"end":{"line":34,"column":69}},"3":{"start":{"line":35,"column":4},"end":{"line":35,"column":16}},"4":{"start":{"line":48,"column":25},"end":{"line":51,"column":5}},"5":{"start":{"line":49,"column":28},"end":{"line":49,"column":78}},"6":{"start":{"line":50,"column":6},"end":{"line":50,"column":76}},"7":{"start":{"line":53,"column":4},"end":{"line":56,"column":36}},"8":{"start":{"line":56,"column":19},"end":{"line":56,"column":34}},"9":{"start":{"line":60,"column":4},"end":{"line":60,"column":53}},"10":{"start":{"line":74,"column":4},"end":{"line":74,"column":19}},"11":{"start":{"line":88,"column":4},"end":{"line":92,"column":5}},"12":{"start":{"line":88,"column":48},"end":{"line":88,"column":71}},"13":{"start":{"line":89,"column":6},"end":{"line":89,"column":68}},"14":{"start":{"line":90,"column":6},"end":{"line":90,"column":21}},"15":{"start":{"line":91,"column":6},"end":{"line":91,"column":13}},"16":{"start":{"line":94,"column":4},"end":{"line":94,"column":70}},"17":{"start":{"line":95,"column":4},"end":{"line":95,"column":20}},"18":{"start":{"line":103,"column":4},"end":{"line":103,"column":45}}},"fnMap":{"0":{"name":"(anonymous_0)","decl":{"start":{"line":23,"column":2},"end":{"line":23,"column":3}},"loc":{"start":{"line":26,"column":4},"end":{"line":36,"column":3}},"line":26},"1":{"name":"(anonymous_1)","decl":{"start":{"line":43,"column":2},"end":{"line":43,"column":3}},"loc":{"start":{"line":47,"column":10},"end":{"line":57,"column":3}},"line":47},"2":{"name":"(anonymous_2)","decl":{"start":{"line":48,"column":25},"end":{"line":48,"column":26}},"loc":{"start":{"line":48,"column":42},"end":{"line":51,"column":5}},"line":48},"3":{"name":"(anonymous_3)","decl":{"start":{"line":56,"column":13},"end":{"line":56,"column":14}},"loc":{"start":{"line":56,"column":19},"end":{"line":56,"column":34}},"line":56},"4":{"name":"(anonymous_4)","decl":{"start":{"line":59,"column":2},"end":{"line":59,"column":3}},"loc":{"start":{"line":59,"column":77},"end":{"line":61,"column":3}},"line":59},"5":{"name":"(anonymous_5)","decl":{"start":{"line":69,"column":2},"end":{"line":69,"column":3}},"loc":{"start":{"line":73,"column":10},"end":{"line":75,"column":3}},"line":73},"6":{"name":"(anonymous_6)","decl":{"start":{"line":83,"column":2},"end":{"line":83,"column":3}},"loc":{"start":{"line":87,"column":10},"end":{"line":96,"column":3}},"line":87},"7":{"name":"(anonymous_7)","decl":{"start":{"line":88,"column":41},"end":{"line":88,"column":42}},"loc":{"start":{"line":88,"column":48},"end":{"line":88,"column":71}},"line":88},"8":{"name":"(anonymous_8)","decl":{"start":{"line":98,"column":2},"end":{"line":98,"column":3}},"loc":{"start":{"line":102,"column":10},"end":{"line":104,"column":3}},"line":102}},"branchMap":{"0":{"loc":{"start":{"line":50,"column":13},"end":{"line":50,"column":75}},"type":"cond-expr","locations":[{"start":{"line":50,"column":29},"end":{"line":50,"column":57}},{"start":{"line":50,"column":60},"end":{"line":50,"column":75}}],"line":50},"1":{"loc":{"start":{"line":88,"column":4},"end":{"line":92,"column":5}},"type":"if","locations":[{"start":{"line":88,"column":4},"end":{"line":92,"column":5}},{"start":{"line":88,"column":4},"end":{"line":92,"column":5}}],"line":88},"2":{"loc":{"start":{"line":88,"column":8},"end":{"line":88,"column":72}},"type":"binary-expr","locations":[{"start":{"line":88,"column":8},"end":{"line":88,"column":20}},{"start":{"line":88,"column":24},"end":{"line":88,"column":72}}],"line":88}},"s":{"0":9,"1":9,"2":9,"3":9,"4":4,"5":3,"6":3,"7":4,"8":1,"9":1,"10":1,"11":4,"12":3,"13":3,"14":3,"15":3,"16":1,"17":1,"18":1},"f":{"0":9,"1":4,"2":3,"3":1,"4":1,"5":1,"6":4,"7":3,"8":1},"b":{"0":[2,1],"1":[3,1],"2":[4,3]},"_coverageSchema":"43e27e138ebf9cfc5966b082cf9a028302ed4184","hash":"e5fb56050efe5e714369a84846df13e6745718cb"}
,"/Users/corey/Dev/personal/verdaccio/verdaccio-dynamodb/src/index.ts": {"path":"/Users/corey/Dev/personal/verdaccio/verdaccio-dynamodb/src/index.ts","statementMap":{},"fnMap":{},"branchMap":{},"s":{},"f":{},"b":{},"_coverageSchema":"43e27e138ebf9cfc5966b082cf9a028302ed4184","hash":"61e28db867104284963b25d64f1df8c02218c6a0"}
}
