TN:
SF:/Users/corey/Dev/personal/verdaccio/docker-examples/docker-plugin-external/plugins/verdaccio-dynamodb/src/DynamoClient.ts
FN:11,(anonymous_0)
FN:26,(anonymous_1)
FN:27,(anonymous_2)
FN:32,(anonymous_3)
FN:49,(anonymous_4)
FN:54,(anonymous_5)
FN:61,(anonymous_6)
FN:67,(anonymous_7)
FN:72,(anonymous_8)
FN:79,(anonymous_9)
FN:99,(anonymous_10)
FNF:11
FNH:10
FNDA:1,(anonymous_0)
FNDA:2,(anonymous_1)
FNDA:2,(anonymous_2)
FNDA:1,(anonymous_3)
FNDA:0,(anonymous_4)
FNDA:1,(anonymous_5)
FNDA:1,(anonymous_6)
FNDA:1,(anonymous_7)
FNDA:2,(anonymous_8)
FNDA:2,(anonymous_9)
FNDA:1,(anonymous_10)
DA:6,1
DA:7,1
DA:12,1
DA:14,1
DA:15,0
DA:18,1
DA:19,0
DA:22,1
DA:23,1
DA:27,2
DA:28,2
DA:33,1
DA:35,1
DA:36,1
DA:39,0
DA:49,0
DA:50,0
DA:55,1
DA:57,1
DA:61,1
DA:67,1
DA:68,1
DA:73,2
DA:79,2
DA:80,2
DA:81,1
DA:84,1
DA:85,0
DA:88,1
DA:89,0
DA:92,1
DA:93,0
DA:96,1
DA:99,1
DA:102,1
LF:35
LH:27
BRDA:14,0,0,0
BRDA:14,0,1,1
BRDA:18,1,0,0
BRDA:18,1,1,1
BRDA:35,2,0,1
BRDA:35,2,1,0
BRDA:80,3,0,1
BRDA:80,3,1,1
BRDA:84,4,0,0
BRDA:84,4,1,1
BRDA:88,5,0,0
BRDA:88,5,1,1
BRDA:92,6,0,0
BRDA:92,6,1,1
BRF:14
BRH:8
end_of_record
