TN:
SF:/Users/corey/Dev/personal/verdaccio/verdaccio-dynamodb/src/DynamoClient.ts
FN:11,(anonymous_0)
FN:23,(anonymous_1)
FN:27,(anonymous_2)
FN:32,(anonymous_3)
FN:51,(anonymous_4)
FN:56,(anonymous_5)
FN:63,(anonymous_6)
FN:72,(anonymous_7)
FN:77,(anonymous_8)
FN:87,(anonymous_9)
FN:95,(anonymous_10)
FNF:11
FNH:11
FNDA:1,(anonymous_0)
FNDA:3,(anonymous_1)
FNDA:3,(anonymous_2)
FNDA:2,(anonymous_3)
FNDA:1,(anonymous_4)
FNDA:1,(anonymous_5)
FNDA:1,(anonymous_6)
FNDA:1,(anonymous_7)
FNDA:3,(anonymous_8)
FNDA:3,(anonymous_9)
FNDA:1,(anonymous_10)
DA:6,1
DA:7,1
DA:12,1
DA:13,1
DA:15,1
DA:24,3
DA:28,3
DA:33,2
DA:34,2
DA:35,1
DA:38,1
DA:48,1
DA:52,1
DA:57,1
DA:59,1
DA:63,1
DA:69,1
DA:73,1
DA:78,3
DA:84,3
DA:88,3
DA:89,1
DA:92,2
DA:95,1
DA:98,2
LF:25
LH:25
BRDA:34,0,0,1
BRDA:34,0,1,1
BRDA:88,1,0,1
BRDA:88,1,1,2
BRF:4
BRH:4
end_of_record
TN:
SF:/Users/corey/Dev/personal/verdaccio/verdaccio-dynamodb/src/DynamoDBAuth.ts
FN:23,(anonymous_0)
FN:43,(anonymous_1)
FN:48,(anonymous_2)
FN:56,(anonymous_3)
FN:59,(anonymous_4)
FN:69,(anonymous_5)
FN:83,(anonymous_6)
FN:88,(anonymous_7)
FN:98,(anonymous_8)
FNF:9
FNH:9
FNDA:9,(anonymous_0)
FNDA:4,(anonymous_1)
FNDA:3,(anonymous_2)
FNDA:1,(anonymous_3)
FNDA:1,(anonymous_4)
FNDA:1,(anonymous_5)
FNDA:4,(anonymous_6)
FNDA:3,(anonymous_7)
FNDA:1,(anonymous_8)
DA:27,9
DA:29,9
DA:34,9
DA:35,9
DA:48,4
DA:49,3
DA:50,3
DA:53,4
DA:56,1
DA:60,1
DA:74,1
DA:88,4
DA:89,3
DA:90,3
DA:91,3
DA:94,1
DA:95,1
DA:103,1
LF:18
LH:18
BRDA:50,0,0,2
BRDA:50,0,1,1
BRDA:88,1,0,3
BRDA:88,1,1,1
BRDA:88,2,0,4
BRDA:88,2,1,3
BRF:6
BRH:6
end_of_record
TN:
SF:/Users/corey/Dev/personal/verdaccio/verdaccio-dynamodb/src/index.ts
FNF:0
FNH:0
LF:0
LH:0
BRF:0
BRH:0
end_of_record
